Copyright 1986-2022 Xilinx, Inc. All Rights Reserved. Copyright 2022-2024 Advanced Micro Devices, Inc. All Rights Reserved.
---------------------------------------------------------------------------------------------------------------------------------------------
| Tool Version : Vivado v.2023.2.2 (lin64) Build 4126759 Thu Feb  8 23:52:05 MST 2024
| Date         : Sat Aug 10 12:27:59 2024
| Host         : Ubuntu2204 running 64-bit Ubuntu 22.04.4 LTS
| Command      : report_incremental_reuse -file snkrddl_blk_0_wrapper_incremental_reuse_pre_placed.rpt
| Design       : snkrddl_blk_0_wrapper
| Device       : xc7z020
| Design State : Unknown
---------------------------------------------------------------------------------------------------------------------------------------------

Incremental Implementation Information

Table of Contents
-----------------
1. Incremental Flow Summary
2. Reuse Summary
3. Reference Checkpoint Information
4. Comparison with Reference Run
5. Optimization Comparison With Reference Run
5.1 iphys_opt_replay Optimizations
5.2 QoR Suggestion Optimizations
6. Command Comparison with Reference Run
6.1 Reference:
6.2 Incremental:
7. Non Reuse Information

1. Incremental Flow Summary
---------------------------

+-----------------------+------------------+
|    Flow Information   |       Value      |
+-----------------------+------------------+
| Synthesis Flow        |          Default |
| Auto Incremental      |              Yes |
| Incremental Directive | RuntimeOptimized |
| Target WNS            |              0.0 |
| QoR Suggestions       |                0 |
+-----------------------+------------------+


2. Reuse Summary
----------------

+-------+----------------------+----------------------------+--------------------+-------+
|  Type | Matched % (of Total) | Current Reuse % (of Total) | Fixed % (of Total) | Total |
+-------+----------------------+----------------------------+--------------------+-------+
| Cells |               100.00 |                     100.00 |              17.90 |  1100 |
| Nets  |               100.00 |                     100.00 |               0.00 |   886 |
| Pins  |                    - |                     100.00 |                  - |  3477 |
| Ports |               100.00 |                     100.00 |             100.00 |   160 |
+-------+----------------------+----------------------------+--------------------+-------+


3. Reference Checkpoint Information
-----------------------------------

+----------------+-----------------------------------------------------------------------------------------------------------------------------------------+
| DCP Location:  | /home/tasker/Projects/Vivado_workspace/PiSmasher_network/PiSmasher_network.srcs/utils_1/imports/impl_1/snkrddl_blk_0_wrapper_routed.dcp |
+----------------+-----------------------------------------------------------------------------------------------------------------------------------------+


+--------------------------------+----------------------------+
|         DCP Information        |            Value           |
+--------------------------------+----------------------------+
| DCP State                      |                 POST_ROUTE |
| Recorded WNS                   |                      2.116 |
| Recorded WHS                   |                      0.269 |
| Reference Speed File Version   | PRODUCTION 1.12 2019-11-22 |
| Incremental Speed File Version | PRODUCTION 1.12 2019-11-22 |
+--------------------------------+----------------------------+
* Recorded WNS/WHS timing numbers are estimated timing numbers. They may vary slightly from sign-off timing numbers.


4. Comparison with Reference Run
--------------------------------

+-----------------+---------------------------+---------------------------+---------------------------+
|                 |          WNS(ns)          |  Runtime(elapsed)(hh:mm)  |    Runtime(cpu)(hh:mm)    |
+-----------------+-------------+-------------+-------------+-------------+-------------+-------------+
|      Stage      |  Reference  | Incremental |  Reference  | Incremental |  Reference  | Incremental |
+-----------------+-------------+-------------+-------------+-------------+-------------+-------------+
| synth_design    |             |             |     < 1 min |     < 1 min |     < 1 min |     < 1 min |
| opt_design      |             |             |     < 1 min |     < 1 min |     < 1 min |     < 1 min |
| read_checkpoint |             |             |     < 1 min |     < 1 min |     < 1 min |     < 1 min |
| place_design    |       0.178 |             |     < 1 min |             |     < 1 min |             |
| phys_opt_design |       0.178 |             |     < 1 min |             |     < 1 min |             |
| route_design    |       0.178 |             |       00:01 |             |       00:01 |             |
+-----------------+-------------+-------------+-------------+-------------+-------------+-------------+


5. Optimization Comparison With Reference Run
---------------------------------------------

5.1 iphys_opt_replay Optimizations
----------------------------------

+-------------------------+--------+------------+
| iphys_opt_design replay | Reused | Not Reused |
+-------------------------+--------+------------+


5.2 QoR Suggestion Optimizations
--------------------------------

+-----------------+-------+
| QoR Suggestions | Value |
+-----------------+-------+


6. Command Comparison with Reference Run
----------------------------------------

6.1 Reference:
--------------
synth_design-define default::[not_specified] -verilog_define default::[not_specified] -vhdl_define default::[not_specified] -top  snkrddl_blk_0_wrapper -part  xc7z020clg400-3 
opt_design
read_checkpoint -directive RuntimeOptimized  -incremental -auto_incremental /home/tasker/Projects/Vivado_workspace/PiSmasher_network/PiSmasher_network.srcs/utils_1/imports/impl_1/snkrddl_blk_0_wrapper_routed.dcp
place_design
phys_opt_design
route_design

6.2 Incremental:
----------------
synth_design-define default::[not_specified] -verilog_define default::[not_specified] -vhdl_define default::[not_specified] -top  snkrddl_blk_0_wrapper -part  xc7z020clg400-3 
opt_design
read_checkpoint -directive RuntimeOptimized  -incremental -auto_incremental /home/tasker/Projects/Vivado_workspace/PiSmasher_network/PiSmasher_network.srcs/utils_1/imports/impl_1/snkrddl_blk_0_wrapper_routed.dcp

7. Non Reuse Information
------------------------

+-----------------------+------+
|          Type         |   %  |
+-----------------------+------+
| Non-Reused Cells      | 0.00 |
| Partially reused nets | 0.00 |
| Non-Reused nets       | 0.00 |
| Non-Reused Ports      | 0.00 |
+-----------------------+------+


