Copyright 1986-2022 Xilinx, Inc. All Rights Reserved. Copyright 2022-2024 Advanced Micro Devices, Inc. All Rights Reserved.
---------------------------------------------------------------------------------------------------------------------------------------------
| Tool Version : Vivado v.2023.2.2 (lin64) Build 4126759 Thu Feb  8 23:52:05 MST 2024
| Date         : Sat Aug 10 12:28:00 2024
| Host         : Ubuntu2204 running 64-bit Ubuntu 22.04.4 LTS
| Command      : report_control_sets -verbose -file snkrddl_blk_0_wrapper_control_sets_placed.rpt
| Design       : snkrddl_blk_0_wrapper
| Device       : xc7z020
---------------------------------------------------------------------------------------------------------------------------------------------

Control Set Information

Table of Contents
-----------------
1. Summary
2. Histogram
3. Flip-Flop Distribution
4. Detailed Control Set Information

1. Summary
----------

+----------------------------------------------------------+-------+
|                          Status                          | Count |
+----------------------------------------------------------+-------+
| Total control sets                                       |    38 |
|    Minimum number of control sets                        |    38 |
|    Addition due to synthesis replication                 |     0 |
|    Addition due to physical synthesis replication        |     0 |
| Unused register locations in slices containing registers |   122 |
+----------------------------------------------------------+-------+
* Control sets can be merged at opt_design using control_set_merge or merge_equivalent_drivers
** Run report_qor_suggestions for automated merging and remapping suggestions


2. Histogram
------------

+--------------------+-------+
|       Fanout       | Count |
+--------------------+-------+
| Total control sets |    38 |
| >= 0 to < 4        |     0 |
| >= 4 to < 6        |    13 |
| >= 6 to < 8        |     1 |
| >= 8 to < 10       |     0 |
| >= 10 to < 12      |     4 |
| >= 12 to < 14      |     4 |
| >= 14 to < 16      |     3 |
| >= 16              |    13 |
+--------------------+-------+
* Control sets can be remapped at either synth_design or opt_design


3. Flip-Flop Distribution
-------------------------

+--------------+-----------------------+------------------------+-----------------+--------------+
| Clock Enable | Synchronous Set/Reset | Asynchronous Set/Reset | Total Registers | Total Slices |
+--------------+-----------------------+------------------------+-----------------+--------------+
| No           | No                    | No                     |             160 |           54 |
| No           | No                    | Yes                    |              45 |            9 |
| No           | Yes                   | No                     |              75 |           23 |
| Yes          | No                    | No                     |              72 |           18 |
| Yes          | No                    | Yes                    |               0 |            0 |
| Yes          | Yes                   | No                     |             174 |           54 |
+--------------+-----------------------+------------------------+-----------------+--------------+


4. Detailed Control Set Information
-----------------------------------

+------------------------------------------------------------------------------------------------------------------------------------------------------------------------------------------------------+------------------------------------------------------------------------------------------------------------------------------------------------------------------+---------------------------------------------------------------------------------------------------------------------------------------------------------------------------------------------+------------------+----------------+--------------+
|                                                                                             Clock Signal                                                                                             |                                                                           Enable Signal                                                                          |                                                                                       Set/Reset Signal                                                                                      | Slice Load Count | Bel Load Count | Bels / Slice |
+------------------------------------------------------------------------------------------------------------------------------------------------------------------------------------------------------+------------------------------------------------------------------------------------------------------------------------------------------------------------------+---------------------------------------------------------------------------------------------------------------------------------------------------------------------------------------------+------------------+----------------+--------------+
|  snkrddl_blk_0_i/processing_system7_0/inst/FCLK_CLK3_BUFG                                                                                                                                            |                                                                                                                                                                  | snkrddl_blk_0_i/proc_sys_reset_0/U0/EXT_LPF/lpf_int                                                                                                                                         |                2 |              4 |         2.00 |
|  snkrddl_blk_0_i/gmii_to_rgmii_0/U0/i_snkrddl_blk_0_gmii_to_rgmii_0_0_clocking/clkin_out                                                                                                             | snkrddl_blk_0_i/gmii_to_rgmii_1/U0/snkrddl_blk_0_gmii_to_rgmii_1_0_core/i_gmii_to_rgmii/i_MANAGEMENT/MDIO_INTERFACE_1/BIT_COUNT                                  |                                                                                                                                                                                             |                2 |              4 |         2.00 |
|  snkrddl_blk_0_i/gmii_to_rgmii_0/U0/i_snkrddl_blk_0_gmii_to_rgmii_0_0_clocking/clkin_out                                                                                                             | snkrddl_blk_0_i/gmii_to_rgmii_0/U0/i_gmii_to_rgmii_block/snkrddl_blk_0_gmii_to_rgmii_0_0_core/i_gmii_to_rgmii/i_MANAGEMENT/MDIO_INTERFACE_1/BIT_COUNT            |                                                                                                                                                                                             |                2 |              4 |         2.00 |
|  ETH1_CLK125_IBUF_BUFG                                                                                                                                                                               |                                                                                                                                                                  | snkrddl_blk_0_i/gmii_to_rgmii_1/U0/snkrddl_blk_0_gmii_to_rgmii_1_0_core/i_gmii_to_rgmii/tx_reset_async_reg_n_0                                                                              |                1 |              5 |         5.00 |
|  snkrddl_blk_0_i/gmii_to_rgmii_0/U0/i_snkrddl_blk_0_gmii_to_rgmii_0_0_clocking/clkin_out                                                                                                             | snkrddl_blk_0_i/gmii_to_rgmii_0/U0/i_gmii_to_rgmii_block/snkrddl_blk_0_gmii_to_rgmii_0_0_core/i_gmii_to_rgmii/i_MANAGEMENT/EXT_PHY_ID_REG                        | snkrddl_blk_0_i/gmii_to_rgmii_0/U0/i_gmii_to_rgmii_block/snkrddl_blk_0_gmii_to_rgmii_0_0_core/i_gmii_to_rgmii/i_reset_sync_mgmt_reset/reset_out                                             |                1 |              5 |         5.00 |
|  snkrddl_blk_0_i/gmii_to_rgmii_0/U0/i_snkrddl_blk_0_gmii_to_rgmii_0_0_clocking/clkin_out                                                                                                             | snkrddl_blk_0_i/gmii_to_rgmii_0/U0/i_gmii_to_rgmii_block/snkrddl_blk_0_gmii_to_rgmii_0_0_core/i_gmii_to_rgmii/i_MANAGEMENT/EXT_PHY_SPEED_REG_ID_REG              | snkrddl_blk_0_i/gmii_to_rgmii_0/U0/i_gmii_to_rgmii_block/snkrddl_blk_0_gmii_to_rgmii_0_0_core/i_gmii_to_rgmii/i_reset_sync_mgmt_reset/reset_out                                             |                1 |              5 |         5.00 |
|  snkrddl_blk_0_i/gmii_to_rgmii_0/U0/i_snkrddl_blk_0_gmii_to_rgmii_0_0_clocking/clkin_out                                                                                                             | snkrddl_blk_0_i/gmii_to_rgmii_0/U0/i_gmii_to_rgmii_block/snkrddl_blk_0_gmii_to_rgmii_0_0_core/i_gmii_to_rgmii/i_MANAGEMENT/MDIO_INTERFACE_1/ADDR_WR[4]_i_1_n_0   | snkrddl_blk_0_i/gmii_to_rgmii_0/U0/i_gmii_to_rgmii_block/snkrddl_blk_0_gmii_to_rgmii_0_0_core/i_gmii_to_rgmii/i_reset_sync_mgmt_reset/reset_out                                             |                1 |              5 |         5.00 |
|  snkrddl_blk_0_i/gmii_to_rgmii_0/U0/i_snkrddl_blk_0_gmii_to_rgmii_0_0_clocking/clkin_out                                                                                                             | snkrddl_blk_0_i/gmii_to_rgmii_1/U0/snkrddl_blk_0_gmii_to_rgmii_1_0_core/i_gmii_to_rgmii/i_MANAGEMENT/EXT_PHY_ID_REG                                              | snkrddl_blk_0_i/gmii_to_rgmii_1/U0/snkrddl_blk_0_gmii_to_rgmii_1_0_core/i_gmii_to_rgmii/i_reset_sync_mgmt_reset/reset_out                                                                   |                1 |              5 |         5.00 |
|  snkrddl_blk_0_i/gmii_to_rgmii_0/U0/i_snkrddl_blk_0_gmii_to_rgmii_0_0_clocking/clkin_out                                                                                                             | snkrddl_blk_0_i/gmii_to_rgmii_1/U0/snkrddl_blk_0_gmii_to_rgmii_1_0_core/i_gmii_to_rgmii/i_MANAGEMENT/EXT_PHY_SPEED_REG_ID_REG                                    | snkrddl_blk_0_i/gmii_to_rgmii_1/U0/snkrddl_blk_0_gmii_to_rgmii_1_0_core/i_gmii_to_rgmii/i_reset_sync_mgmt_reset/reset_out                                                                   |                1 |              5 |         5.00 |
|  snkrddl_blk_0_i/gmii_to_rgmii_0/U0/i_snkrddl_blk_0_gmii_to_rgmii_0_0_clocking/clkin_out                                                                                                             |                                                                                                                                                                  | snkrddl_blk_0_i/gmii_to_rgmii_1/U0/snkrddl_blk_0_gmii_to_rgmii_1_0_core/i_gmii_to_rgmii/reset_in                                                                                            |                1 |              5 |         5.00 |
|  snkrddl_blk_0_i/gmii_to_rgmii_0/U0/i_snkrddl_blk_0_gmii_to_rgmii_0_0_clocking/clkin_out                                                                                                             |                                                                                                                                                                  | snkrddl_blk_0_i/gmii_to_rgmii_0/U0/i_gmii_to_rgmii_block/snkrddl_blk_0_gmii_to_rgmii_0_0_core/i_gmii_to_rgmii/reset_in                                                                      |                1 |              5 |         5.00 |
|  snkrddl_blk_0_i/gmii_to_rgmii_0/U0/i_snkrddl_blk_0_gmii_to_rgmii_0_0_clocking/clkin_out                                                                                                             | snkrddl_blk_0_i/gmii_to_rgmii_1/U0/snkrddl_blk_0_gmii_to_rgmii_1_0_core/i_gmii_to_rgmii/i_MANAGEMENT/MDIO_INTERFACE_1/ADDR_WR[4]_i_1_n_0                         | snkrddl_blk_0_i/gmii_to_rgmii_1/U0/snkrddl_blk_0_gmii_to_rgmii_1_0_core/i_gmii_to_rgmii/i_reset_sync_mgmt_reset/reset_out                                                                   |                2 |              5 |         2.50 |
|  ETH0_CLK125_IBUF_BUFG                                                                                                                                                                               |                                                                                                                                                                  | snkrddl_blk_0_i/gmii_to_rgmii_0/U0/i_gmii_to_rgmii_block/snkrddl_blk_0_gmii_to_rgmii_0_0_core/i_gmii_to_rgmii/tx_reset_async_reg_n_0                                                        |                1 |              5 |         5.00 |
|  snkrddl_blk_0_i/processing_system7_0/inst/FCLK_CLK3_BUFG                                                                                                                                            | snkrddl_blk_0_i/proc_sys_reset_0/U0/SEQ/seq_cnt_en                                                                                                               | snkrddl_blk_0_i/proc_sys_reset_0/U0/SEQ/SEQ_COUNTER/clear                                                                                                                                   |                1 |              6 |         6.00 |
|  ETH1_CLK125_IBUF_BUFG                                                                                                                                                                               |                                                                                                                                                                  | snkrddl_blk_0_i/gmii_to_rgmii_1/U0/snkrddl_blk_0_gmii_to_rgmii_1_0_core/i_gmii_to_rgmii/gmii_to_rgmii_core_non_versal.i_gmii_to_rgmii/i_reset_sync_tx_reset/reset_out                       |                2 |             10 |         5.00 |
|  snkrddl_blk_0_i/gmii_to_rgmii_0/U0/i_snkrddl_blk_0_gmii_to_rgmii_0_0_clocking/clkin_out                                                                                                             | snkrddl_blk_0_i/gmii_to_rgmii_0/U0/i_gmii_to_rgmii_block/snkrddl_blk_0_gmii_to_rgmii_0_0_core/i_gmii_to_rgmii/i_MANAGEMENT/AN_COMPLETE_BIT_LOC_REG               | snkrddl_blk_0_i/gmii_to_rgmii_0/U0/i_gmii_to_rgmii_block/snkrddl_blk_0_gmii_to_rgmii_0_0_core/i_gmii_to_rgmii/i_reset_sync_mgmt_reset/reset_out                                             |                3 |             10 |         3.33 |
|  ETH0_CLK125_IBUF_BUFG                                                                                                                                                                               |                                                                                                                                                                  | snkrddl_blk_0_i/gmii_to_rgmii_0/U0/i_gmii_to_rgmii_block/snkrddl_blk_0_gmii_to_rgmii_0_0_core/i_gmii_to_rgmii/gmii_to_rgmii_core_non_versal.i_gmii_to_rgmii/i_reset_sync_tx_reset/reset_out |                4 |             10 |         2.50 |
|  snkrddl_blk_0_i/gmii_to_rgmii_0/U0/i_snkrddl_blk_0_gmii_to_rgmii_0_0_clocking/clkin_out                                                                                                             | snkrddl_blk_0_i/gmii_to_rgmii_1/U0/snkrddl_blk_0_gmii_to_rgmii_1_0_core/i_gmii_to_rgmii/i_MANAGEMENT/AN_COMPLETE_BIT_LOC_REG                                     | snkrddl_blk_0_i/gmii_to_rgmii_1/U0/snkrddl_blk_0_gmii_to_rgmii_1_0_core/i_gmii_to_rgmii/i_reset_sync_mgmt_reset/reset_out                                                                   |                3 |             10 |         3.33 |
|  snkrddl_blk_0_i/gmii_to_rgmii_0/U0/i_snkrddl_blk_0_gmii_to_rgmii_0_0_clocking/clkin_out                                                                                                             | snkrddl_blk_0_i/gmii_to_rgmii_1/U0/snkrddl_blk_0_gmii_to_rgmii_1_0_core/i_gmii_to_rgmii/i_MANAGEMENT/EXT_PHY_10M_SPEED_BIT_LOC_REG                               | snkrddl_blk_0_i/gmii_to_rgmii_1/U0/snkrddl_blk_0_gmii_to_rgmii_1_0_core/i_gmii_to_rgmii/i_reset_sync_mgmt_reset/reset_out                                                                   |                6 |             12 |         2.00 |
|  snkrddl_blk_0_i/gmii_to_rgmii_0/U0/i_gmii_to_rgmii_block/snkrddl_blk_0_gmii_to_rgmii_0_0_core/i_gmii_to_rgmii/gmii_to_rgmii_core_non_versal.i_gmii_to_rgmii/gen_rgmii_rx_clk_zq.bufg_rgmii_rx_clk_0 |                                                                                                                                                                  |                                                                                                                                                                                             |                7 |             12 |         1.71 |
|  snkrddl_blk_0_i/gmii_to_rgmii_0/U0/i_snkrddl_blk_0_gmii_to_rgmii_0_0_clocking/clkin_out                                                                                                             | snkrddl_blk_0_i/gmii_to_rgmii_0/U0/i_gmii_to_rgmii_block/snkrddl_blk_0_gmii_to_rgmii_0_0_core/i_gmii_to_rgmii/i_MANAGEMENT/EXT_PHY_10M_SPEED_BIT_LOC_REG         | snkrddl_blk_0_i/gmii_to_rgmii_0/U0/i_gmii_to_rgmii_block/snkrddl_blk_0_gmii_to_rgmii_0_0_core/i_gmii_to_rgmii/i_reset_sync_mgmt_reset/reset_out                                             |                5 |             12 |         2.40 |
|  snkrddl_blk_0_i/gmii_to_rgmii_1/U0/snkrddl_blk_0_gmii_to_rgmii_1_0_core/i_gmii_to_rgmii/gmii_to_rgmii_core_non_versal.i_gmii_to_rgmii/gen_rgmii_rx_clk_zq.bufg_rgmii_rx_clk_0                       |                                                                                                                                                                  |                                                                                                                                                                                             |                6 |             12 |         2.00 |
|  snkrddl_blk_0_i/gmii_to_rgmii_0/U0/i_snkrddl_blk_0_gmii_to_rgmii_0_0_clocking/clkin_out                                                                                                             |                                                                                                                                                                  | snkrddl_blk_0_i/gmii_to_rgmii_0/U0/i_snkrddl_blk_0_gmii_to_rgmii_0_0_resets/idelayctrl_reset_gen/reset_out                                                                                  |                3 |             15 |         5.00 |
|  snkrddl_blk_0_i/gmii_to_rgmii_0/U0/i_snkrddl_blk_0_gmii_to_rgmii_0_0_clocking/clkin_out                                                                                                             | snkrddl_blk_0_i/gmii_to_rgmii_1/U0/snkrddl_blk_0_gmii_to_rgmii_1_0_core/i_gmii_to_rgmii/i_MANAGEMENT/MDC_RISING_REG1                                             | snkrddl_blk_0_i/gmii_to_rgmii_1/U0/snkrddl_blk_0_gmii_to_rgmii_1_0_core/i_gmii_to_rgmii/i_reset_sync_mgmt_reset/reset_out                                                                   |                4 |             15 |         3.75 |
|  snkrddl_blk_0_i/gmii_to_rgmii_0/U0/i_snkrddl_blk_0_gmii_to_rgmii_0_0_clocking/clkin_out                                                                                                             | snkrddl_blk_0_i/gmii_to_rgmii_0/U0/i_gmii_to_rgmii_block/snkrddl_blk_0_gmii_to_rgmii_0_0_core/i_gmii_to_rgmii/i_MANAGEMENT/MDC_RISING_REG1                       | snkrddl_blk_0_i/gmii_to_rgmii_0/U0/i_gmii_to_rgmii_block/snkrddl_blk_0_gmii_to_rgmii_0_0_core/i_gmii_to_rgmii/i_reset_sync_mgmt_reset/reset_out                                             |                4 |             15 |         3.75 |
|  snkrddl_blk_0_i/gmii_to_rgmii_0/U0/i_snkrddl_blk_0_gmii_to_rgmii_0_0_clocking/clkin_out                                                                                                             | snkrddl_blk_0_i/gmii_to_rgmii_0/U0/i_gmii_to_rgmii_block/snkrddl_blk_0_gmii_to_rgmii_0_0_core/i_gmii_to_rgmii/i_MANAGEMENT/EXT_PHY_SPEED_REG                     | snkrddl_blk_0_i/gmii_to_rgmii_0/U0/i_gmii_to_rgmii_block/snkrddl_blk_0_gmii_to_rgmii_0_0_core/i_gmii_to_rgmii/i_reset_sync_mgmt_reset/reset_out                                             |                6 |             16 |         2.67 |
|  snkrddl_blk_0_i/gmii_to_rgmii_0/U0/i_snkrddl_blk_0_gmii_to_rgmii_0_0_clocking/clkin_out                                                                                                             | snkrddl_blk_0_i/gmii_to_rgmii_1/U0/snkrddl_blk_0_gmii_to_rgmii_1_0_core/i_gmii_to_rgmii/i_MANAGEMENT/EXT_PHY_SPEED_REG                                           | snkrddl_blk_0_i/gmii_to_rgmii_1/U0/snkrddl_blk_0_gmii_to_rgmii_1_0_core/i_gmii_to_rgmii/i_reset_sync_mgmt_reset/reset_out                                                                   |                4 |             16 |         4.00 |
|  snkrddl_blk_0_i/gmii_to_rgmii_0/U0/i_snkrddl_blk_0_gmii_to_rgmii_0_0_clocking/clkin_out                                                                                                             | snkrddl_blk_0_i/gmii_to_rgmii_1/U0/snkrddl_blk_0_gmii_to_rgmii_1_0_core/i_gmii_to_rgmii/i_MANAGEMENT/EXT_PHY_STAT_REG                                            | snkrddl_blk_0_i/gmii_to_rgmii_1/U0/snkrddl_blk_0_gmii_to_rgmii_1_0_core/i_gmii_to_rgmii/i_reset_sync_mgmt_reset/reset_out                                                                   |                6 |             16 |         2.67 |
|  snkrddl_blk_0_i/gmii_to_rgmii_0/U0/i_snkrddl_blk_0_gmii_to_rgmii_0_0_clocking/clkin_out                                                                                                             | snkrddl_blk_0_i/gmii_to_rgmii_0/U0/i_gmii_to_rgmii_block/snkrddl_blk_0_gmii_to_rgmii_0_0_core/i_gmii_to_rgmii/i_MANAGEMENT/EXT_PHY_STAT_REG                      | snkrddl_blk_0_i/gmii_to_rgmii_0/U0/i_gmii_to_rgmii_block/snkrddl_blk_0_gmii_to_rgmii_0_0_core/i_gmii_to_rgmii/i_reset_sync_mgmt_reset/reset_out                                             |                5 |             16 |         3.20 |
|  snkrddl_blk_0_i/gmii_to_rgmii_0/U0/i_snkrddl_blk_0_gmii_to_rgmii_0_0_clocking/clkin_out                                                                                                             |                                                                                                                                                                  | snkrddl_blk_0_i/gmii_to_rgmii_0/U0/i_gmii_to_rgmii_block/snkrddl_blk_0_gmii_to_rgmii_0_0_core/i_gmii_to_rgmii/i_reset_sync_mgmt_reset/reset_out                                             |                7 |             18 |         2.57 |
|  snkrddl_blk_0_i/gmii_to_rgmii_0/U0/i_snkrddl_blk_0_gmii_to_rgmii_0_0_clocking/clkin_out                                                                                                             |                                                                                                                                                                  | snkrddl_blk_0_i/gmii_to_rgmii_1/U0/snkrddl_blk_0_gmii_to_rgmii_1_0_core/i_gmii_to_rgmii/i_reset_sync_mgmt_reset/reset_out                                                                   |                5 |             18 |         3.60 |
|  snkrddl_blk_0_i/processing_system7_0/inst/FCLK_CLK3_BUFG                                                                                                                                            |                                                                                                                                                                  |                                                                                                                                                                                             |                7 |             24 |         3.43 |
|  snkrddl_blk_0_i/gmii_to_rgmii_0/U0/i_snkrddl_blk_0_gmii_to_rgmii_0_0_clocking/clkin_out                                                                                                             |                                                                                                                                                                  | snkrddl_blk_0_i/proc_sys_reset_0/U0/peripheral_reset[0]                                                                                                                                     |                5 |             25 |         5.00 |
|  ETH1_CLK125_IBUF_BUFG                                                                                                                                                                               |                                                                                                                                                                  |                                                                                                                                                                                             |                6 |             25 |         4.17 |
|  ETH0_CLK125_IBUF_BUFG                                                                                                                                                                               |                                                                                                                                                                  |                                                                                                                                                                                             |                7 |             25 |         3.57 |
|  snkrddl_blk_0_i/gmii_to_rgmii_0/U0/i_snkrddl_blk_0_gmii_to_rgmii_0_0_clocking/clkin_out                                                                                                             | snkrddl_blk_0_i/gmii_to_rgmii_1/U0/snkrddl_blk_0_gmii_to_rgmii_1_0_core/i_gmii_to_rgmii/i_MANAGEMENT/MDIO_INTERFACE_1/SHIFT_REG[3]_i_1_n_0                       |                                                                                                                                                                                             |                7 |             32 |         4.57 |
|  snkrddl_blk_0_i/gmii_to_rgmii_0/U0/i_snkrddl_blk_0_gmii_to_rgmii_0_0_clocking/clkin_out                                                                                                             | snkrddl_blk_0_i/gmii_to_rgmii_0/U0/i_gmii_to_rgmii_block/snkrddl_blk_0_gmii_to_rgmii_0_0_core/i_gmii_to_rgmii/i_MANAGEMENT/MDIO_INTERFACE_1/SHIFT_REG[3]_i_1_n_0 |                                                                                                                                                                                             |                7 |             32 |         4.57 |
|  snkrddl_blk_0_i/gmii_to_rgmii_0/U0/i_snkrddl_blk_0_gmii_to_rgmii_0_0_clocking/clkin_out                                                                                                             |                                                                                                                                                                  |                                                                                                                                                                                             |               22 |             63 |         2.86 |
+------------------------------------------------------------------------------------------------------------------------------------------------------------------------------------------------------+------------------------------------------------------------------------------------------------------------------------------------------------------------------+---------------------------------------------------------------------------------------------------------------------------------------------------------------------------------------------+------------------+----------------+--------------+


