Copyright 1986-2022 Xilinx, Inc. All Rights Reserved. Copyright 2022-2024 Advanced Micro Devices, Inc. All Rights Reserved.
------------------------------------------------------------------------------------------------------------------------------------------------------
| Tool Version : Vivado v.2023.2.2 (lin64) Build 4126759 Thu Feb  8 23:52:05 MST 2024
| Date         : Sat Aug 10 12:27:57 2024
| Host         : Ubuntu2204 running 64-bit Ubuntu 22.04.4 LTS
| Command      : report_drc -file snkrddl_blk_0_wrapper_drc_opted.rpt -pb snkrddl_blk_0_wrapper_drc_opted.pb -rpx snkrddl_blk_0_wrapper_drc_opted.rpx
| Design       : snkrddl_blk_0_wrapper
| Device       : xc7z020clg400-3
| Speed File   : -3
| Design State : Synthesized
------------------------------------------------------------------------------------------------------------------------------------------------------

Report DRC

Table of Contents
-----------------
1. REPORT SUMMARY
2. REPORT DETAILS

1. REPORT SUMMARY
-----------------
            Netlist: netlist
          Floorplan: design_1
      Design limits: <entire design considered>
           Ruledeck: default
             Max violations: <unlimited>
             Violations found: 0
+------+----------+-------------+------------+
| Rule | Severity | Description | Violations |
+------+----------+-------------+------------+
+------+----------+-------------+------------+

2. REPORT DETAILS
-----------------

